INFO:  latexindent.exe version 3.16, 2022-03-13, a script to indent .tex files
       latexindent.exe lives here: D:/texlive/2022/bin/win32/
       Mon Aug 26 22:28:57 2024
       Filename: d:/LaTeXProject/Mathematical Notes/section/section7/__latexindent_temp_section73.tex
INFO:  Processing switches:
       -y|--yaml: YAML settings specified via command line
       -c|--cruft: cruft directory
INFO:  Directory for backup files and d:/LaTeXProject/Mathematical Notes//indent.log: d:/LaTeXProject/Mathematical Notes/
INFO:  YAML settings read: defaultSettings.yaml
       Reading defaultSettings.yaml from D:/texlive/2022/bin/win32/defaultSettings.yaml
       Reading defaultSettings.yaml (2nd attempt) from D:/texlive/2022/bin/win32/../../texmf-dist/scripts/latexindent/defaultSettings.yaml
       and then, if necessary, D:/texlive/2022/bin/win32/LatexIndent/defaultSettings.yaml
INFO:  YAML settings read: indentconfig.yaml or .indentconfig.yaml
       Home directory is C:\Users\ChungMG (didn't find either indentconfig.yaml or .indentconfig.yaml)
       To specify user settings you would put indentconfig.yaml here: C:\Users\ChungMG/indentconfig.yaml
       Alternatively, you can use the hidden file .indentconfig.yaml as: C:\Users\ChungMG/.indentconfig.yaml
INFO:  YAML settings read: -y switch
       YAML setting: defaultIndent:'    '
       single-quoted string found in -y switch: '    ', substitute to     
       Updating mainSettings with defaultIndent:     
INFO:  Phase 1: searching for objects
INFO:  Phase 2: finding surrounding indentation
INFO:  Phase 3: indenting objects
INFO:  Phase 4: final indentation check
INFO:  Output routine:
       Not outputting to file; see -w and -o switches for more options.
       --------------
INFO:  Please direct all communication/issues to:
        https://github.com/cmhughes/latexindent.pl
