\BOOKMARK [0][-]{chapter*.1}{\376\377\122\115\212\000}{}% 1
\BOOKMARK [-1][-]{part.1}{\376\377\173\054\116\000\220\350\122\006\000\040\232\330\173\111\145\160\133\146}{}% 2
\BOOKMARK [0][-]{chapter.1}{\376\377\121\375\145\160\060\001\145\160\122\027\116\016\147\201\226\120}{part.1}% 3
\BOOKMARK [1][-]{section.1.1}{\376\377\121\375\145\160\166\204\127\372\147\054\162\171\137\201}{chapter.1}% 4
\BOOKMARK [2][-]{subsection.1.1.1}{\376\377\121\375\145\160\166\204\116\073\211\201\140\047\215\050}{section.1.1}% 5
\BOOKMARK [2][-]{subsection.1.1.2}{\376\377\131\015\124\010\121\375\145\160}{section.1.1}% 6
\BOOKMARK [2][-]{subsection.1.1.3}{\376\377\123\315\121\375\145\160}{section.1.1}% 7
\BOOKMARK [2][-]{subsection.1.1.4}{\376\377\121\375\145\160\166\204\217\336\176\355\140\047\123\312\225\364\145\255\160\271\166\204\174\173\127\213}{section.1.1}% 8
\BOOKMARK [2][-]{subsection.1.1.5}{\376\377\156\020\217\321\176\277\145\271\172\013}{section.1.1}% 9
\BOOKMARK [1][-]{section.1.2}{\376\377\147\201\226\120\166\204\151\202\137\365\060\001\140\047\215\050\123\312\133\130\127\050\121\306\122\031}{chapter.1}% 10
\BOOKMARK [2][-]{subsection.1.2.1}{\376\377\145\160\122\027\060\001\121\375\145\160\147\201\226\120\166\204\133\232\116\111}{section.1.2}% 11
\BOOKMARK [2][-]{subsection.1.2.2}{\376\377\145\160\122\027\116\016\121\166\133\120\122\027\147\201\226\120\116\113\225\364\166\204\121\163\174\373}{section.1.2}% 12
\BOOKMARK [2][-]{subsection.1.2.3}{\376\377\145\160\122\027\060\001\121\375\145\160\147\201\226\120\166\204\140\047\215\050}{section.1.2}% 13
\BOOKMARK [2][-]{subsection.1.2.4}{\376\377\145\160\122\027\060\001\121\375\145\160\147\201\226\120\166\204\133\130\127\050\121\306\122\031}{section.1.2}% 14
\BOOKMARK [1][-]{section.1.3}{\376\377\213\241\173\227\147\201\226\120\120\074\166\204\202\345\136\162\145\271\154\325}{chapter.1}% 15
\BOOKMARK [2][-]{subsection.1.3.1}{\376\377\122\051\165\050\173\111\116\367\116\343\143\142\124\214\122\035\173\111\123\330\137\142}{section.1.3}% 16
\BOOKMARK [2][-]{subsection.1.3.2}{\376\377\122\051\165\050\135\362\167\345\147\201\226\120}{section.1.3}% 17
\BOOKMARK [2][-]{subsection.1.3.3}{\376\377\122\051\165\050\121\375\145\160\116\016\147\201\226\120\166\204\121\163\174\373}{section.1.3}% 18
\BOOKMARK [2][-]{subsection.1.3.4}{\376\377\122\051\165\050\131\071\220\074\121\306\122\031}{section.1.3}% 19
\BOOKMARK [2][-]{subsection.1.3.5}{\376\377\154\102\147\201\226\120\121\166\116\326\136\070\165\050\145\271\154\325}{section.1.3}% 20
\BOOKMARK [2][-]{subsection.1.3.6}{\376\377\000S\000t\000o\000l\000z\000\040\133\232\164\006\123\312\121\166\136\224\165\050}{section.1.3}% 21
\BOOKMARK [1][-]{section.1.4}{\376\377\147\201\226\120\121\170\127\213\225\356\230\230}{chapter.1}% 22
\BOOKMARK [2][-]{subsection.1.4.1}{\376\377\147\201\226\120\166\204\133\130\127\050\140\047\225\356\230\230}{section.1.4}% 23
\BOOKMARK [2][-]{subsection.1.4.2}{\376\377\147\201\226\120\166\204\134\100\220\350\220\006\225\356\230\230}{section.1.4}% 24
\BOOKMARK [2][-]{subsection.1.4.3}{\376\377\145\340\172\167\134\017\221\317\123\312\121\166\226\066\166\204\153\324\217\203}{section.1.4}% 25
\BOOKMARK [1][-]{section.1.5}{\376\377\220\022\143\250\137\142\137\017\166\204\147\201\226\120}{chapter.1}% 26
\BOOKMARK [2][-]{subsection.1.5.1}{\376\377\122\051\165\050\133\130\127\050\140\047\154\102\147\201\226\120}{section.1.5}% 27
\BOOKMARK [2][-]{subsection.1.5.2}{\376\377\121\231\121\372\220\032\230\171\154\102\147\201\226\120}{section.1.5}% 28
\BOOKMARK [2][-]{subsection.1.5.3}{\376\377\154\102\211\343\176\277\140\047\220\022\143\250\121\163\174\373}{section.1.5}% 29
\BOOKMARK [0][-]{chapter.2}{\376\377\116\000\121\103\121\375\145\160\137\256\122\006\133\146}{part.1}% 30
\BOOKMARK [1][-]{section.2.1}{\376\377\133\374\145\160\116\016\137\256\122\006}{chapter.2}% 31
\BOOKMARK [2][-]{subsection.2.1.1}{\376\377\133\374\145\160\166\204\133\232\116\111\116\016\123\357\137\256\140\047\215\050}{section.2.1}% 32
\BOOKMARK [2][-]{subsection.2.1.2}{\376\377\123\315\121\375\145\160\060\001\165\050\123\302\145\160\145\271\172\013\170\156\133\232\166\204\121\375\145\160\060\001\226\220\121\375\145\160\166\204\133\374\145\160}{section.2.1}% 33
\BOOKMARK [2][-]{subsection.2.1.3}{\376\377\232\330\226\066\133\374\145\160\116\016\000\040\000L\000e\000i\000b\000n\000i\000z\000\040\121\154\137\017}{section.2.1}% 34
\BOOKMARK [1][-]{section.2.2}{\376\377\121\375\145\160\166\204\123\357\133\374\140\047}{chapter.2}% 35
\BOOKMARK [2][-]{subsection.2.2.1}{\376\377\124\053\176\335\133\371\120\074\121\375\145\160\166\204\123\357\133\374\140\047}{section.2.2}% 36
\BOOKMARK [2][-]{subsection.2.2.2}{\376\377\122\006\153\265\121\375\145\160\166\204\123\357\133\374\140\047}{section.2.2}% 37
\BOOKMARK [1][-]{section.2.3}{\376\377\137\256\122\006\116\055\120\074\133\232\164\006}{chapter.2}% 38
\BOOKMARK [2][-]{subsection.2.3.1}{\376\377\126\333\131\047\127\372\147\054\133\232\164\006}{section.2.3}% 39
\BOOKMARK [2][-]{subsection.2.3.2}{\376\377\123\125\116\055\120\074\225\356\230\230}{section.2.3}% 40
\BOOKMARK [2][-]{subsection.2.3.3}{\376\377\123\314\116\055\120\074\225\356\230\230}{section.2.3}% 41
\BOOKMARK [2][-]{subsection.2.3.4}{\376\377\232\330\226\066\116\055\120\074\225\356\230\230}{section.2.3}% 42
\BOOKMARK [1][-]{section.2.4}{\376\377\000T\000a\000y\000l\000o\000r\000\040\134\125\137\000\116\016\135\356\125\106}{chapter.2}% 43
\BOOKMARK [2][-]{subsection.2.4.1}{\376\377\213\301\146\016\116\055\120\074\133\232\164\006}{section.2.4}% 44
\BOOKMARK [2][-]{subsection.2.4.2}{\376\377\116\055\120\074\160\271\166\204\147\201\226\120}{section.2.4}% 45
\BOOKMARK [2][-]{subsection.2.4.3}{\376\377\145\340\172\167\217\334\131\004\166\204\147\201\226\120}{section.2.4}% 46
\BOOKMARK [2][-]{subsection.2.4.4}{\376\377\121\163\116\216\165\114\166\204\117\060\213\241}{section.2.4}% 47
\BOOKMARK [2][-]{subsection.2.4.5}{\376\377\135\356\125\106\116\016\133\374\145\160}{section.2.4}% 48
\BOOKMARK [1][-]{section.2.5}{\376\377\000L\000a\000g\000r\000a\000n\000g\000e\000\040\143\322\120\074\116\016\000\040\000H\000e\000r\000m\000i\000t\000e\000\040\143\322\120\074}{chapter.2}% 49
\BOOKMARK [2][-]{subsection.2.5.1}{\376\377\000L\000a\000g\000r\000a\000n\000g\000e\000\040\143\322\120\074}{section.2.5}% 50
\BOOKMARK [2][-]{subsection.2.5.2}{\376\377\000H\000e\000r\000m\000i\000t\000e\000\040\143\322\120\074}{section.2.5}% 51
\BOOKMARK [1][-]{section.2.6}{\376\377\133\374\145\160\166\204\176\374\124\010\136\224\165\050}{chapter.2}% 52
\BOOKMARK [2][-]{subsection.2.6.1}{\376\377\147\201\120\074\225\356\230\230}{section.2.6}% 53
\BOOKMARK [2][-]{subsection.2.6.2}{\376\377\116\015\173\111\137\017\116\016\121\375\145\160\121\371\121\370\140\047\123\312\142\320\160\271}{section.2.6}% 54
\BOOKMARK [2][-]{subsection.2.6.3}{\376\377\133\374\145\160\166\204\121\340\117\125\141\017\116\111\116\016\146\362\176\277\166\204\146\362\163\207}{section.2.6}% 55
\BOOKMARK [2][-]{subsection.2.6.4}{\376\377\133\374\145\160\116\015\173\111\137\017\213\301\146\016\116\055\166\204\136\224\165\050}{section.2.6}% 56
\BOOKMARK [0][-]{chapter.3}{\376\377\116\000\121\103\121\375\145\160\171\357\122\006\133\146}{part.1}% 57
\BOOKMARK [1][-]{section.3.1}{\376\377\116\015\133\232\171\357\122\006}{chapter.3}% 58
\BOOKMARK [2][-]{subsection.3.1.1}{\376\377\127\372\170\100\174\173\127\213}{section.3.1}% 59
\BOOKMARK [2][-]{subsection.3.1.2}{\376\377\226\220\121\375\145\160\174\173\127\213}{section.3.1}% 60
\BOOKMARK [2][-]{subsection.3.1.3}{\376\377\131\015\124\010\174\173\127\213}{section.3.1}% 61
\BOOKMARK [1][-]{section.3.2}{\376\377\133\232\171\357\122\006}{chapter.3}% 62
\BOOKMARK [2][-]{subsection.3.2.1}{\376\377\154\102\121\372\116\015\133\232\171\357\122\006\124\016\213\241\173\227}{section.3.2}% 63
\BOOKMARK [2][-]{subsection.3.2.2}{\376\377\217\320\165\050\133\232\171\357\122\006\140\047\215\050\217\333\210\114\166\370\121\163\213\241\173\227}{section.3.2}% 64
\BOOKMARK [2][-]{subsection.3.2.3}{\376\377\171\357\122\006\117\134\116\072\116\012\116\013\226\120\166\204\121\375\145\160}{section.3.2}% 65
\BOOKMARK [2][-]{subsection.3.2.4}{\376\377\171\357\122\006\116\055\120\074\133\232\164\006}{section.3.2}% 66
\BOOKMARK [2][-]{subsection.3.2.5}{\376\377\133\232\171\357\122\006\166\204\121\340\117\125\136\224\165\050}{section.3.2}% 67
\BOOKMARK [2][-]{subsection.3.2.6}{\376\377\133\232\171\357\122\006\166\204\162\151\164\006\136\224\165\050}{section.3.2}% 68
\BOOKMARK [2][-]{subsection.3.2.7}{\376\377\133\232\171\357\122\006\176\374\124\010\140\047\225\356\230\230}{section.3.2}% 69
\BOOKMARK [1][-]{section.3.3}{\376\377\123\315\136\070\171\357\122\006}{chapter.3}% 70
\BOOKMARK [2][-]{subsection.3.3.1}{\376\377\123\315\136\070\171\357\122\006\166\204\213\241\173\227}{section.3.3}% 71
\BOOKMARK [2][-]{subsection.3.3.2}{\376\377\123\315\136\070\171\357\122\006\145\133\145\143\140\047}{section.3.3}% 72
\BOOKMARK [2][-]{subsection.3.3.3}{\376\377\123\315\136\070\171\357\122\006\166\204\147\201\226\120}{section.3.3}% 73
\BOOKMARK [2][-]{subsection.3.3.4}{\376\377\123\315\136\070\171\357\122\006\176\374\124\010\140\047\225\356\230\230}{section.3.3}% 74
\BOOKMARK [1][-]{section.3.4}{\376\377\162\171\153\212\147\204\127\213\171\357\122\006\210\145\121\105}{chapter.3}% 75
\BOOKMARK [2][-]{subsection.3.4.1}{\376\377\000E\000u\000l\000e\000r\000\040\171\357\122\006}{section.3.4}% 76
\BOOKMARK [2][-]{subsection.3.4.2}{\376\377\000D\000i\000r\000i\000c\000h\000l\000e\000t\000\040\171\357\122\006}{section.3.4}% 77
\BOOKMARK [2][-]{subsection.3.4.3}{\376\377\000L\000o\000b\000a\000c\000h\000e\000v\000s\000k\000y\000\040\171\357\122\006\154\325}{section.3.4}% 78
\BOOKMARK [2][-]{subsection.3.4.4}{\376\377\000F\000r\000e\000s\000n\000e\000l\000\040\171\357\122\006\116\016\000\040\000F\000e\000j\000.\000r\000\040\171\357\122\006}{section.3.4}% 79
\BOOKMARK [2][-]{subsection.3.4.5}{\376\377\000L\000a\000p\000l\000a\000c\000e\000\040\171\357\122\006}{section.3.4}% 80
\BOOKMARK [1][-]{section.3.5}{\376\377\165\131\145\160\133\232\164\006\123\312\121\166\136\224\165\050}{chapter.3}% 81
\BOOKMARK [2][-]{subsection.3.5.1}{\376\377\165\131\145\160}{section.3.5}% 82
\BOOKMARK [2][-]{subsection.3.5.2}{\376\377\165\131\145\160\133\232\164\006}{section.3.5}% 83
\BOOKMARK [2][-]{subsection.3.5.3}{\376\377\165\131\145\160\213\241\173\227}{section.3.5}% 84
\BOOKMARK [2][-]{subsection.3.5.4}{\376\377\165\131\145\160\133\232\164\006\166\204\136\224\165\050}{section.3.5}% 85
\BOOKMARK [0][-]{chapter.4}{\376\377\124\021\221\317\116\343\145\160\116\016\172\172\225\364\211\343\147\220\121\340\117\125}{part.1}% 86
\BOOKMARK [1][-]{section.4.1}{\376\377\124\021\221\317\116\343\145\160}{chapter.4}% 87
\BOOKMARK [2][-]{subsection.4.1.1}{\376\377\152\041\060\001\145\271\124\021\211\322\060\001\142\225\137\161}{section.4.1}% 88
\BOOKMARK [2][-]{subsection.4.1.2}{\376\377\145\160\221\317\171\357\060\001\124\021\221\317\171\357\060\001\155\367\124\010\171\357}{section.4.1}% 89
\BOOKMARK [1][-]{section.4.2}{\376\377\172\172\225\364\211\343\147\220\121\340\117\125}{chapter.4}% 90
\BOOKMARK [2][-]{subsection.4.2.1}{\376\377\172\172\225\364\136\163\227\142\116\016\166\364\176\277}{section.4.2}% 91
\BOOKMARK [2][-]{subsection.4.2.2}{\376\377\172\172\225\364\136\163\227\142\060\001\166\364\176\277\166\204\145\271\172\013\123\312\117\115\177\156\121\163\174\373}{section.4.2}% 92
\BOOKMARK [2][-]{subsection.4.2.3}{\376\377\146\362\227\142\123\312\121\166\145\271\172\013}{section.4.2}% 93
\BOOKMARK [2][-]{subsection.4.2.4}{\376\377\172\172\225\364\146\362\176\277\123\312\121\166\145\271\172\013}{section.4.2}% 94
\BOOKMARK [0][-]{chapter.5}{\376\377\131\032\121\103\121\375\145\160\137\256\122\006\133\146}{part.1}% 95
\BOOKMARK [1][-]{section.5.1}{\376\377\131\032\121\103\121\375\145\160\166\204\147\201\226\120\116\016\217\336\176\355}{chapter.5}% 96
\BOOKMARK [2][-]{subsection.5.1.1}{\376\377\131\032\121\103\121\375\145\160\166\204\147\201\226\120}{section.5.1}% 97
\BOOKMARK [2][-]{subsection.5.1.2}{\376\377\131\032\121\103\121\375\145\160\166\204\217\336\176\355\140\047\116\016\123\357\137\256\140\047}{section.5.1}% 98
\BOOKMARK [2][-]{subsection.5.1.3}{\376\377\116\214\121\103\121\375\145\160\166\204\000\040\000T\000a\000y\000l\000o\000r\000\040\134\125\137\000}{section.5.1}% 99
\BOOKMARK [1][-]{section.5.2}{\376\377\131\032\121\103\121\375\145\160\166\204\120\117\133\374\145\160}{chapter.5}% 100
\BOOKMARK [2][-]{subsection.5.2.1}{\376\377\120\117\133\374\145\160\116\016\226\220\121\375\145\160}{section.5.2}% 101
\BOOKMARK [2][-]{subsection.5.2.2}{\376\377\121\150\137\256\122\006\137\142\137\017\116\015\123\330\140\047}{section.5.2}% 102
\BOOKMARK [2][-]{subsection.5.2.3}{\376\377\131\015\124\010\121\375\145\160\137\256\122\006\154\325\000\040\000\050\224\376\137\017\154\325\122\031\000\051}{section.5.2}% 103
\BOOKMARK [2][-]{subsection.5.2.4}{\376\377\232\330\226\066\121\150\137\256\122\006}{section.5.2}% 104
\BOOKMARK [2][-]{subsection.5.2.5}{\376\377\232\330\226\066\120\117\133\374\145\160}{section.5.2}% 105
\BOOKMARK [2][-]{subsection.5.2.6}{\376\377\120\117\137\256\122\006\145\271\172\013}{section.5.2}% 106
\BOOKMARK [1][-]{section.5.3}{\376\377\147\201\120\074}{chapter.5}% 107
\BOOKMARK [2][-]{subsection.5.3.1}{\376\377\116\214\121\103\121\375\145\160\166\204\147\201\120\074}{section.5.3}% 108
\BOOKMARK [2][-]{subsection.5.3.2}{\376\377\147\141\116\366\147\201\120\074}{section.5.3}% 109
\BOOKMARK [2][-]{subsection.5.3.3}{\376\377\131\032\121\103\121\375\145\160\166\204\147\000\120\074\225\356\230\230}{section.5.3}% 110
\BOOKMARK [1][-]{section.5.4}{\376\377\145\271\124\021\133\374\145\160\116\016\150\257\136\246}{chapter.5}% 111
\BOOKMARK [2][-]{subsection.5.4.1}{\376\377\145\271\124\021\133\374\145\160\166\204\213\241\173\227}{section.5.4}% 112
\BOOKMARK [2][-]{subsection.5.4.2}{\376\377\150\257\136\246\166\204\213\241\173\227}{section.5.4}% 113
\BOOKMARK [0][-]{chapter.6}{\376\377\131\032\121\103\121\375\145\160\171\357\122\006\133\146}{part.1}% 114
\BOOKMARK [1][-]{section.6.1}{\376\377\221\315\171\357\122\006}{chapter.6}% 115
\BOOKMARK [2][-]{subsection.6.1.1}{\376\377\221\315\171\357\122\006\133\232\116\111}{section.6.1}% 116
\BOOKMARK [2][-]{subsection.6.1.2}{\376\377\221\315\171\357\122\006\166\204\213\241\173\227\123\312\166\370\121\163\145\271\154\325}{section.6.1}% 117
\BOOKMARK [2][-]{subsection.6.1.3}{\376\377\123\315\136\070\116\214\221\315\171\357\122\006\116\016\124\053\123\302\123\330\221\317\171\357\122\006}{section.6.1}% 118
\BOOKMARK [2][-]{subsection.6.1.4}{\376\377\221\315\171\357\122\006\166\204\171\357\122\006\116\055\120\074\133\232\164\006}{section.6.1}% 119
\BOOKMARK [2][-]{subsection.6.1.5}{\376\377\221\315\171\357\122\006\166\204\136\224\165\050}{section.6.1}% 120
\BOOKMARK [1][-]{section.6.2}{\376\377\146\362\176\277\171\357\122\006}{chapter.6}% 121
\BOOKMARK [2][-]{subsection.6.2.1}{\376\377\116\044\174\173\146\362\176\277\171\357\122\006}{section.6.2}% 122
\BOOKMARK [2][-]{subsection.6.2.2}{\376\377\000G\000r\000e\000e\000n\000\040\121\154\137\017}{section.6.2}% 123
\BOOKMARK [1][-]{section.6.3}{\376\377\146\362\227\142\171\357\122\006}{chapter.6}% 124
\BOOKMARK [2][-]{subsection.6.3.1}{\376\377\116\044\174\173\146\362\227\142\171\357\122\006}{section.6.3}% 125
\BOOKMARK [2][-]{subsection.6.3.2}{\376\377\000G\000a\000u\000s\000s\000\040\121\154\137\017\060\001\000S\000t\000o\000k\000e\000s\000\040\121\154\137\017}{section.6.3}% 126
\BOOKMARK [1][-]{section.6.4}{\376\377\131\032\121\103\171\357\122\006\133\146\166\204\136\224\165\050\116\016\127\072\213\272\151\202\217\360}{chapter.6}% 127
\BOOKMARK [2][-]{subsection.6.4.1}{\376\377\131\032\121\103\171\357\122\006\133\146\166\204\136\224\165\050}{section.6.4}% 128
\BOOKMARK [2][-]{subsection.6.4.2}{\376\377\150\257\136\246\060\001\145\143\136\246\124\214\145\313\136\246}{section.6.4}% 129
\BOOKMARK [2][-]{subsection.6.4.3}{\376\377\150\257\136\246\060\001\145\143\136\246\060\001\145\313\136\246\166\204\127\372\147\054\121\154\137\017\123\312\121\166\136\224\165\050}{section.6.4}% 130
\BOOKMARK [0][-]{chapter.7}{\376\377\145\340\172\167\176\247\145\160}{part.1}% 131
\BOOKMARK [1][-]{section.7.1}{\376\377\136\070\145\160\230\171\176\247\145\160}{chapter.7}% 132
\BOOKMARK [2][-]{subsection.7.1.1}{\376\377\136\070\145\160\230\171\176\247\145\160\166\204\145\133\145\143\140\047\123\312\121\166\122\044\122\053\154\325}{section.7.1}% 133
\BOOKMARK [2][-]{subsection.7.1.2}{\376\377\153\143\230\171\176\247\145\160\166\204\133\241\145\133\154\325}{section.7.1}% 134
\BOOKMARK [2][-]{subsection.7.1.3}{\376\377\116\244\225\031\176\247\145\160}{section.7.1}% 135
\BOOKMARK [2][-]{subsection.7.1.4}{\376\377\116\000\202\054\145\160\230\171\176\247\145\160\166\204\122\044\122\053\154\325}{section.7.1}% 136
\BOOKMARK [1][-]{section.7.2}{\376\377\136\102\176\247\145\160}{chapter.7}% 137
\BOOKMARK [2][-]{subsection.7.2.1}{\376\377\116\013\226\115\226\066\116\130\136\102}{section.7.2}% 138
\BOOKMARK [2][-]{subsection.7.2.2}{\376\377\136\102\176\247\145\160\166\204\140\047\215\050}{section.7.2}% 139
\BOOKMARK [2][-]{subsection.7.2.3}{\376\377\121\375\145\160\134\125\137\000\116\072\136\102\176\247\145\160}{section.7.2}% 140
\BOOKMARK [2][-]{subsection.7.2.4}{\376\377\136\102\176\247\145\160\166\204\145\066\145\133\127\337\123\312\124\214\121\375\145\160}{section.7.2}% 141
\BOOKMARK [2][-]{subsection.7.2.5}{\376\377\136\102\176\247\145\160\166\204\136\224\165\050}{section.7.2}% 142
\BOOKMARK [1][-]{section.7.3}{\376\377\000F\000o\000u\000r\000i\000e\000r\000\040\176\247\145\160}{chapter.7}% 143
\BOOKMARK [2][-]{subsection.7.3.1}{\376\377\000F\000o\000u\000r\000i\000e\000r\000\040\174\373\145\160}{section.7.3}% 144
\BOOKMARK [2][-]{subsection.7.3.2}{\376\377\124\150\147\037\116\072\000\040\000.\000\040\166\204\000\040\000F\000o\000u\000r\000i\000e\000r\000\040\134\125\137\000}{section.7.3}% 145
\BOOKMARK [2][-]{subsection.7.3.3}{\376\377\000F\000o\000u\000r\000i\000e\000r\000\040\176\247\145\160\176\374\124\010\140\047\225\356\230\230}{section.7.3}% 146
\BOOKMARK [0][-]{chapter.8}{\376\377\137\256\122\006\145\271\172\013}{part.1}% 147
\BOOKMARK [1][-]{section.8.1}{\376\377\116\000\226\066\137\256\122\006\145\271\172\013}{chapter.8}% 148
\BOOKMARK [2][-]{subsection.8.1.1}{\376\377\123\330\221\317\122\006\171\273\145\271\172\013}{section.8.1}% 149
\BOOKMARK [2][-]{subsection.8.1.2}{\376\377\237\120\153\041\137\256\122\006\145\271\172\013}{section.8.1}% 150
\BOOKMARK [2][-]{subsection.8.1.3}{\376\377\176\277\140\047\137\256\122\006\145\271\172\013}{section.8.1}% 151
\BOOKMARK [2][-]{subsection.8.1.4}{\376\377\000B\000e\000r\000n\000o\000u\000l\000l\000i\000\040\137\256\122\006\145\271\172\013}{section.8.1}% 152
\BOOKMARK [2][-]{subsection.8.1.5}{\376\377\140\160\137\123\145\271\172\013\116\016\171\357\122\006\126\340\133\120}{section.8.1}% 153
\BOOKMARK [1][-]{section.8.2}{\376\377\232\330\226\066\137\256\122\006\145\271\172\013}{chapter.8}% 154
\BOOKMARK [2][-]{subsection.8.2.1}{\376\377\136\070\174\373\145\160\237\120\153\041\176\277\140\047\137\256\122\006\145\271\172\013}{section.8.2}% 155
\BOOKMARK [2][-]{subsection.8.2.2}{\376\377\136\070\174\373\145\160\227\136\237\120\153\041\176\277\140\047\137\256\122\006\145\271\172\013}{section.8.2}% 156
\BOOKMARK [2][-]{subsection.8.2.3}{\376\377\123\357\226\115\226\066\166\204\232\330\226\066\137\256\122\006\145\271\172\013}{section.8.2}% 157
\BOOKMARK [2][-]{subsection.8.2.4}{\376\377\000E\000u\000l\000e\000r\000\040\137\256\122\006\145\271\172\013}{section.8.2}% 158
\BOOKMARK [2][-]{subsection.8.2.5}{\376\377\116\214\226\066\123\330\174\373\145\160\176\277\140\047\137\256\122\006\145\271\172\013}{section.8.2}% 159
\BOOKMARK [1][-]{section.8.3}{\376\377\137\256\122\006\145\271\172\013\176\374\124\010\140\047\225\356\230\230}{chapter.8}% 160
\BOOKMARK [2][-]{subsection.8.3.1}{\376\377\137\256\122\006\145\271\172\013\116\016\121\375\145\160\140\047\215\050}{section.8.3}% 161
\BOOKMARK [2][-]{subsection.8.3.2}{\376\377\137\256\122\006\145\271\172\013\116\016\171\357\122\006}{section.8.3}% 162
\BOOKMARK [2][-]{subsection.8.3.3}{\376\377\137\256\122\006\145\271\172\013\116\016\136\102\176\247\145\160}{section.8.3}% 163
\BOOKMARK [-1][-]{part.2}{\376\377\173\054\116\214\220\350\122\006\000\040\176\277\140\047\116\343\145\160}{}% 164
\BOOKMARK [0][-]{chapter.9}{\376\377\210\114\122\027\137\017}{part.2}% 165
\BOOKMARK [1][-]{section.9.1}{\376\377\210\114\122\027\137\017\166\204\213\241\173\227}{chapter.9}% 166
\BOOKMARK [2][-]{subsection.9.1.1}{\376\377\210\114\122\027\137\017\166\204\133\232\116\111\123\312\140\047\215\050}{section.9.1}% 167
\BOOKMARK [2][-]{subsection.9.1.2}{\376\377\210\114\122\027\137\017\143\011\210\114\000\040\000\050\122\027\000\051\000\040\134\125\137\000\133\232\164\006}{section.9.1}% 168
\BOOKMARK [2][-]{subsection.9.1.3}{\376\377\121\167\214\141\210\114\122\027\137\017\166\204\213\241\173\227}{section.9.1}% 169
\BOOKMARK [2][-]{subsection.9.1.4}{\376\377\142\275\214\141\210\114\122\027\137\017\166\204\213\241\173\227}{section.9.1}% 170
\BOOKMARK [1][-]{section.9.2}{\376\377\000V\000a\000n\000d\000e\000r\000m\000o\000n\000d\000e\000\040\210\114\122\027\137\017\116\016\116\343\145\160\117\131\133\120\137\017}{chapter.9}% 171
\BOOKMARK [2][-]{subsection.9.2.1}{\376\377\000V\000a\000n\000d\000e\000r\000m\000o\000n\000d\000e\000\040\210\114\122\027\137\017\213\241\173\227}{section.9.2}% 172
\BOOKMARK [2][-]{subsection.9.2.2}{\376\377\145\271\136\102\143\007\145\160\215\363\215\303}{section.9.2}% 173
\BOOKMARK [2][-]{subsection.9.2.3}{\376\377\116\343\145\160\117\131\133\120\137\017\225\356\230\230}{section.9.2}% 174
\BOOKMARK [0][-]{chapter.10}{\376\377\167\351\226\065}{part.2}% 175
\BOOKMARK [1][-]{section.10.1}{\376\377\167\351\226\065\166\204\127\372\147\054\217\320\173\227}{chapter.10}% 176
\BOOKMARK [2][-]{subsection.10.1.1}{\376\377\167\351\226\065\166\204\151\202\137\365}{section.10.1}% 177
\BOOKMARK [2][-]{subsection.10.1.2}{\376\377\167\351\226\065\166\204\217\320\173\227}{section.10.1}% 178
\BOOKMARK [2][-]{subsection.10.1.3}{\376\377\000C\000a\000r\000l\000s\000o\000n\000\040\116\015\173\111\137\017\123\312\121\166\136\224\165\050}{section.10.1}% 179
\BOOKMARK [1][-]{section.10.2}{\376\377\117\064\226\217\167\351\226\065\116\016\220\006\167\351\226\065}{chapter.10}% 180
\BOOKMARK [2][-]{subsection.10.2.1}{\376\377\117\064\226\217\167\351\226\065}{section.10.2}% 181
\BOOKMARK [2][-]{subsection.10.2.2}{\376\377\123\357\220\006\167\351\226\065}{section.10.2}% 182
\BOOKMARK [1][-]{section.10.3}{\376\377\122\035\173\111\123\330\143\142\116\016\122\035\173\111\167\351\226\065}{chapter.10}% 183
\BOOKMARK [2][-]{subsection.10.3.1}{\376\377\122\035\173\111\123\330\143\142}{section.10.3}% 184
\BOOKMARK [2][-]{subsection.10.3.2}{\376\377\122\035\173\111\167\351\226\065}{section.10.3}% 185
\BOOKMARK [1][-]{section.10.4}{\376\377\167\351\226\065\166\204\171\351}{chapter.10}% 186
\BOOKMARK [2][-]{subsection.10.4.1}{\376\377\171\351\166\204\166\370\121\163\116\015\173\111\137\017\213\301\146\016}{section.10.4}% 187
\BOOKMARK [2][-]{subsection.10.4.2}{\376\377\171\351\166\204\166\370\121\163\173\111\137\017\213\301\146\016}{section.10.4}% 188
\BOOKMARK [2][-]{subsection.10.4.3}{\376\377\171\351\166\204\136\224\165\050}{section.10.4}% 189
\BOOKMARK [1][-]{section.10.5}{\376\377\167\351\226\065\166\204\173\111\116\367\150\007\121\306\137\142}{chapter.10}% 190
\BOOKMARK [2][-]{subsection.10.5.1}{\376\377\167\351\226\065\122\006\211\343}{section.10.5}% 191
\BOOKMARK [2][-]{subsection.10.5.2}{\376\377\167\351\226\065\145\271\172\013}{section.10.5}% 192
\BOOKMARK [0][-]{chapter.11}{\376\377\176\277\140\047\145\271\172\013\176\304}{part.2}% 193
\BOOKMARK [1][-]{section.11.1}{\376\377\124\021\221\317\176\304\166\204\176\277\140\047\166\370\121\163\140\047}{chapter.11}% 194
\BOOKMARK [2][-]{subsection.11.1.1}{\376\377\124\021\221\317\166\204\151\202\137\365}{section.11.1}% 195
\BOOKMARK [2][-]{subsection.11.1.2}{\376\377\124\021\221\317\166\204\176\277\140\047\176\304\124\010}{section.11.1}% 196
\BOOKMARK [2][-]{subsection.11.1.3}{\376\377\124\021\221\317\176\304\166\204\147\201\131\047\145\340\121\163\176\304}{section.11.1}% 197
\BOOKMARK [2][-]{subsection.11.1.4}{\376\377\000C\000r\000a\000m\000e\000r\000\040\154\325\122\031\166\204\136\224\165\050}{section.11.1}% 198
\BOOKMARK [1][-]{section.11.2}{\376\377\124\021\221\317\176\304\166\204\171\351}{chapter.11}% 199
\BOOKMARK [2][-]{subsection.11.2.1}{\376\377\124\021\221\317\176\304\166\204\176\277\140\047\210\150\171\072}{section.11.2}% 200
\BOOKMARK [2][-]{subsection.11.2.2}{\376\377\124\021\221\317\176\304\166\370\116\222\210\150\171\072}{section.11.2}% 201
\BOOKMARK [1][-]{section.11.3}{\376\377\237\120\153\041\176\277\140\047\145\271\172\013\176\304}{chapter.11}% 202
\BOOKMARK [2][-]{subsection.11.3.1}{\376\377\237\120\153\041\145\271\172\013\176\304\166\204\116\000\202\054\211\343}{section.11.3}% 203
\BOOKMARK [2][-]{subsection.11.3.2}{\376\377\237\120\153\041\145\271\172\013\176\304\166\204\127\372\170\100\211\343\174\373}{section.11.3}% 204
\BOOKMARK [1][-]{section.11.4}{\376\377\227\136\237\120\153\041\176\277\140\047\145\271\172\013\176\304}{chapter.11}% 205
\BOOKMARK [2][-]{subsection.11.4.1}{\376\377\145\271\172\013\176\304\116\016\210\114\122\027\137\017}{section.11.4}% 206
\BOOKMARK [2][-]{subsection.11.4.2}{\376\377\176\277\140\047\166\370\121\163\116\016\176\277\140\047\145\340\121\163}{section.11.4}% 207
\BOOKMARK [2][-]{subsection.11.4.3}{\376\377\227\136\237\120\153\041\176\277\140\047\145\271\172\013\176\304\211\343\166\204\213\250\213\272}{section.11.4}% 208
\BOOKMARK [1][-]{section.11.5}{\376\377\145\271\172\013\176\304\166\204\124\014\211\343\116\016\121\154\121\161\211\343}{chapter.11}% 209
\BOOKMARK [2][-]{subsection.11.5.1}{\376\377\145\271\172\013\176\304\166\204\124\014\211\343}{section.11.5}% 210
\BOOKMARK [2][-]{subsection.11.5.2}{\376\377\145\271\172\013\176\304\166\204\121\154\121\161\211\343}{section.11.5}% 211
\BOOKMARK [0][-]{chapter.12}{\376\377\176\277\140\047\172\172\225\364}{part.2}% 212
\BOOKMARK [1][-]{section.12.1}{\376\377\176\277\140\047\172\172\225\364\116\016\133\120\172\172\225\364}{chapter.12}% 213
\BOOKMARK [1][-]{section.12.2}{\376\377\133\120\172\172\225\364\166\204\124\214\116\016\116\244}{chapter.12}% 214
\BOOKMARK [1][-]{section.12.3}{\376\377\176\364\145\160\121\154\137\017\116\016\166\364\124\214\122\006\211\343}{chapter.12}% 215
\BOOKMARK [1][-]{section.12.4}{\376\377\124\014\147\204\146\040\134\004\116\016\133\371\120\166\172\172\225\364}{chapter.12}% 216
\BOOKMARK [0][-]{chapter.13}{\376\377\176\277\140\047\123\330\143\142}{part.2}% 217
\BOOKMARK [1][-]{section.13.1}{\376\377\176\277\140\047\123\330\143\142\123\312\121\166\167\351\226\065}{chapter.13}% 218
\BOOKMARK [2][-]{subsection.13.1.1}{\376\377\176\277\140\047\123\330\143\142}{section.13.1}% 219
\BOOKMARK [2][-]{subsection.13.1.2}{\376\377\217\307\156\041\167\351\226\065\123\312\121\166\140\047\215\050}{section.13.1}% 220
\BOOKMARK [1][-]{section.13.2}{\376\377\167\351\226\065\166\204\162\171\137\201\120\074\116\016\162\171\137\201\124\021\221\317}{chapter.13}% 221
\BOOKMARK [2][-]{subsection.13.2.1}{\376\377\167\351\226\065\166\204\162\171\137\201\120\074}{section.13.2}% 222
\BOOKMARK [2][-]{subsection.13.2.2}{\376\377\167\351\226\065\166\204\162\171\137\201\124\021\221\317}{section.13.2}% 223
\BOOKMARK [2][-]{subsection.13.2.3}{\376\377\121\154\121\161\162\171\137\201\124\021\221\317}{section.13.2}% 224
\BOOKMARK [2][-]{subsection.13.2.4}{\376\377\000S\000c\000h\000m\000i\000d\000t\000\040\153\143\116\244\123\026}{section.13.2}% 225
\BOOKMARK [1][-]{section.13.3}{\376\377\167\351\226\065\166\370\117\074\116\016\123\357\133\371\211\322\123\026}{chapter.13}% 226
\BOOKMARK [2][-]{subsection.13.3.1}{\376\377\167\351\226\065\166\204\166\370\117\074}{section.13.3}% 227
\BOOKMARK [2][-]{subsection.13.3.2}{\376\377\167\351\226\065\166\204\124\010\124\014}{section.13.3}% 228
\BOOKMARK [2][-]{subsection.13.3.3}{\376\377\123\357\133\371\211\322\123\026}{section.13.3}% 229
\BOOKMARK [1][-]{section.13.4}{\376\377\145\271\226\065\166\204\136\102}{chapter.13}% 230
\BOOKMARK [2][-]{subsection.13.4.1}{\376\377\122\051\165\050\145\271\226\065\166\204\217\371\154\102\211\343}{section.13.4}% 231
\BOOKMARK [2][-]{subsection.13.4.2}{\376\377\122\051\165\050\136\102\226\366\167\351\226\065\154\102\211\343}{section.13.4}% 232
\BOOKMARK [2][-]{subsection.13.4.3}{\376\377\122\051\165\050\116\214\230\171\137\017\134\125\137\000\154\102\211\343}{section.13.4}% 233
\BOOKMARK [2][-]{subsection.13.4.4}{\376\377\000C\000a\000y\000l\000e\000y\000-\000H\000a\000m\000i\000l\000t\000o\000n\000\040\133\232\164\006}{section.13.4}% 234
\BOOKMARK [2][-]{subsection.13.4.5}{\376\377\167\351\226\065\136\102\217\154\123\026}{section.13.4}% 235
\BOOKMARK [0][-]{chapter.14}{\376\377\116\214\153\041\127\213}{part.2}% 236
\BOOKMARK [1][-]{section.14.1}{\376\377\153\143\133\232\140\047\116\016\123\112\153\143\133\232\140\047}{chapter.14}% 237
\BOOKMARK [2][-]{subsection.14.1.1}{\376\377\153\143\133\232\140\047}{section.14.1}% 238
\BOOKMARK [2][-]{subsection.14.1.2}{\376\377\123\112\153\143\133\232\140\047}{section.14.1}% 239
\BOOKMARK [1][-]{section.14.2}{\376\377\116\214\153\041\127\213}{chapter.14}% 240
\BOOKMARK [2][-]{subsection.14.2.1}{\376\377\116\214\153\041\127\213\166\204\167\351\226\065\210\150\171\072}{section.14.2}% 241
\BOOKMARK [2][-]{subsection.14.2.2}{\376\377\140\357\140\047\143\007\145\160\116\016\140\357\140\047\133\232\164\006}{section.14.2}% 242
\BOOKMARK [2][-]{subsection.14.2.3}{\376\377\116\214\153\041\127\213\123\026\116\072\150\007\121\306\137\142}{section.14.2}% 243
\BOOKMARK [2][-]{subsection.14.2.4}{\376\377\153\143\116\244\167\351\226\065\116\016\153\143\116\244\123\330\143\142}{section.14.2}% 244
\BOOKMARK [2][-]{subsection.14.2.5}{\376\377\166\364\211\322\127\120\150\007\123\330\143\142}{section.14.2}% 245
\BOOKMARK [2][-]{subsection.14.2.6}{\376\377\214\061\122\006\211\343}{section.14.2}% 246
\BOOKMARK [2][-]{subsection.14.2.7}{\376\377\153\143\116\244\123\330\143\142\166\204\136\224\165\050}{section.14.2}% 247
\BOOKMARK [-1][-]{part.3}{\376\377\173\054\116\011\220\350\122\006\000\040\151\202\163\207\213\272\116\016\145\160\164\006\176\337\213\241}{}% 248
\BOOKMARK [0][-]{chapter.15}{\376\377\151\202\163\207\213\272\166\204\127\372\147\054\151\202\137\365}{part.3}% 249
\BOOKMARK [1][-]{section.15.1}{\376\377\226\217\147\072\116\213\116\366\123\312\121\166\151\202\163\207}{chapter.15}% 250
\BOOKMARK [2][-]{subsection.15.1.1}{\376\377\116\213\116\366\166\204\217\320\173\227}{section.15.1}% 251
\BOOKMARK [2][-]{subsection.15.1.2}{\376\377\151\202\163\207\166\204\140\047\215\050}{section.15.1}% 252
\BOOKMARK [2][-]{subsection.15.1.3}{\376\377\123\344\121\170\151\202\163\207\116\016\121\340\117\125\151\202\163\207}{section.15.1}% 253
\BOOKMARK [2][-]{subsection.15.1.4}{\376\377\151\202\163\207\127\372\147\054\121\154\137\017\123\312\147\141\116\366\151\202\163\207}{section.15.1}% 254
\BOOKMARK [2][-]{subsection.15.1.5}{\376\377\121\150\151\202\163\207\121\154\137\017\124\214\000\040\000B\000a\000y\000e\000s\000\040\121\154\137\017}{section.15.1}% 255
\BOOKMARK [1][-]{section.15.2}{\376\377\116\213\116\366\166\204\162\354\172\313\140\047}{chapter.15}% 256
\BOOKMARK [0][-]{chapter.16}{\376\377\226\217\147\072\123\330\221\317\123\312\121\166\122\006\136\003}{part.3}% 257
\BOOKMARK [1][-]{section.16.1}{\376\377\171\273\145\143\127\213\226\217\147\072\123\330\221\317\166\204\151\202\163\207\122\006\136\003}{chapter.16}% 258
\BOOKMARK [2][-]{subsection.16.1.1}{\376\377\171\273\145\143\127\213\226\217\147\072\123\330\221\317\166\204\122\006\136\003\121\375\145\160}{section.16.1}% 259
\BOOKMARK [2][-]{subsection.16.1.2}{\376\377\116\214\230\171\122\006\136\003}{section.16.1}% 260
\BOOKMARK [1][-]{section.16.2}{\376\377\217\336\176\355\127\213\226\217\147\072\123\330\221\317\166\204\151\202\163\207\122\006\136\003}{chapter.16}% 261
\BOOKMARK [2][-]{subsection.16.2.1}{\376\377\217\336\176\355\127\213\226\217\147\072\123\330\221\317\151\202\163\207\133\306\136\246}{section.16.2}% 262
\BOOKMARK [2][-]{subsection.16.2.2}{\376\377\127\107\123\000\122\006\136\003}{section.16.2}% 263
\BOOKMARK [2][-]{subsection.16.2.3}{\376\377\143\007\145\160\122\006\136\003}{section.16.2}% 264
\BOOKMARK [2][-]{subsection.16.2.4}{\376\377\153\143\140\001\122\006\136\003}{section.16.2}% 265
\BOOKMARK [0][-]{chapter.17}{\376\377\131\032\176\364\226\217\147\072\123\330\221\317\123\312\121\166\122\006\136\003}{part.3}% 266
\BOOKMARK [1][-]{section.17.1}{\376\377\131\032\176\364\171\273\145\143\127\213\226\217\147\072\123\330\221\317}{chapter.17}% 267
\BOOKMARK [1][-]{section.17.2}{\376\377\131\032\176\364\217\336\176\355\127\213\226\217\147\072\123\330\221\317}{chapter.17}% 268
\BOOKMARK [2][-]{subsection.17.2.1}{\376\377\217\271\177\030\151\202\163\207\133\306\136\246\116\016\217\271\177\030\122\006\136\003\121\375\145\160}{section.17.2}% 269
\BOOKMARK [2][-]{subsection.17.2.2}{\376\377\116\214\176\364\217\336\176\355\127\213\226\217\147\072\123\330\221\317\121\375\145\160\166\204\122\006\136\003}{section.17.2}% 270
\BOOKMARK [2][-]{subsection.17.2.3}{\376\377\116\214\176\364\226\217\147\072\123\330\221\317\147\141\116\366\151\202\163\207\133\306\136\246\116\016\147\141\116\366\122\006\136\003\121\375\145\160}{section.17.2}% 271
\BOOKMARK [2][-]{subsection.17.2.4}{\376\377\116\214\176\364\153\143\140\001\122\006\136\003}{section.17.2}% 272
\BOOKMARK [2][-]{subsection.17.2.5}{\376\377\123\167\171\357\121\154\137\017}{section.17.2}% 273
\BOOKMARK [1][-]{section.17.3}{\376\377\131\032\176\364\155\367\124\010\127\213\226\217\147\072\123\330\221\317}{chapter.17}% 274
\BOOKMARK [2][-]{subsection.17.3.1}{\376\377\116\214\176\364\155\367\124\010\127\213\226\217\147\072\123\330\221\317\166\204\122\006\136\003}{section.17.3}% 275
\BOOKMARK [2][-]{subsection.17.3.2}{\376\377\226\217\147\072\123\330\221\317\116\016\121\375\145\160\140\047\215\050}{section.17.3}% 276
\BOOKMARK [0][-]{chapter.18}{\376\377\226\217\147\072\123\330\221\317\166\204\145\160\133\127\162\171\137\201}{part.3}% 277
\BOOKMARK [1][-]{section.18.1}{\376\377\145\160\133\146\147\037\147\033\116\016\145\271\135\356}{chapter.18}% 278
\BOOKMARK [2][-]{subsection.18.1.1}{\376\377\145\160\133\146\147\037\147\033}{section.18.1}% 279
\BOOKMARK [2][-]{subsection.18.1.2}{\376\377\145\271\135\356}{section.18.1}% 280
\BOOKMARK [1][-]{section.18.2}{\376\377\123\117\145\271\135\356\116\016\166\370\121\163\174\373\145\160}{chapter.18}% 281
\BOOKMARK [2][-]{subsection.18.2.1}{\376\377\226\217\147\072\123\330\221\317\166\204\162\354\172\313\140\047\116\016\166\370\121\163\140\047}{section.18.2}% 282
\BOOKMARK [2][-]{subsection.18.2.2}{\376\377\123\117\145\271\135\356}{section.18.2}% 283
\BOOKMARK [2][-]{subsection.18.2.3}{\376\377\166\370\121\163\174\373\145\160}{section.18.2}% 284
\BOOKMARK [0][-]{chapter.19}{\376\377\131\047\145\160\133\232\137\213\116\016\116\055\137\303\147\201\226\120\133\232\164\006}{part.3}% 285
\BOOKMARK [1][-]{section.19.1}{\376\377\000C\000h\000e\000b\000y\000s\000h\000e\000v\000\040\116\015\173\111\137\017}{chapter.19}% 286
\BOOKMARK [1][-]{section.19.2}{\376\377\131\047\145\160\133\232\137\213}{chapter.19}% 287
\BOOKMARK [1][-]{section.19.3}{\376\377\116\055\137\303\147\201\226\120\133\232\164\006}{chapter.19}% 288
\BOOKMARK [2][-]{subsection.19.3.1}{\376\377\000L\000e\000v\000y\000\040\000L\000i\000n\000d\000e\000b\000e\000r\000g\000\040\133\232\164\006}{section.19.3}% 289
\BOOKMARK [2][-]{subsection.19.3.2}{\376\377\000D\000e\000\040\000M\000o\000i\000v\000r\000e\000-\000L\000a\000p\000l\000a\000c\000e\000\040\133\232\164\006}{section.19.3}% 290
\BOOKMARK [0][-]{chapter.20}{\376\377\145\160\164\006\176\337\213\241\166\204\127\372\147\054\151\202\137\365}{part.3}% 291
\BOOKMARK [1][-]{section.20.1}{\376\377\176\337\213\241\221\317\166\204\145\160\133\127\162\171\137\201}{chapter.20}% 292
\BOOKMARK [2][-]{subsection.20.1.1}{\376\377\136\070\165\050\176\337\213\241\221\317}{section.20.1}% 293
\BOOKMARK [2][-]{subsection.20.1.2}{\376\377\150\067\147\054\145\160\133\127\162\171\137\201\166\204\140\047\215\050}{section.20.1}% 294
\BOOKMARK [1][-]{section.20.2}{\376\377\116\011\131\047\142\275\150\067\122\006\136\003}{chapter.20}% 295
\BOOKMARK [2][-]{subsection.20.2.1}{\376\377\000.\000\040\122\006\136\003}{section.20.2}% 296
\BOOKMARK [2][-]{subsection.20.2.2}{\376\377\000.\000\040\122\006\136\003}{section.20.2}% 297
\BOOKMARK [2][-]{subsection.20.2.3}{\376\377\000.\000\040\122\006\136\003}{section.20.2}% 298
\BOOKMARK [1][-]{section.20.3}{\376\377\150\067\147\054\133\271\221\317\123\312\151\202\163\207}{chapter.20}% 299
\BOOKMARK [0][-]{chapter.21}{\376\377\153\143\140\001\140\073\117\123\123\302\145\160\166\204\123\072\225\364\117\060\213\241\116\016\120\107\213\276\150\300\232\214}{part.3}% 300
\BOOKMARK [1][-]{section.21.1}{\376\377\123\072\225\364\117\060\213\241}{chapter.21}% 301
\BOOKMARK [2][-]{subsection.21.1.1}{\376\377\123\072\225\364\117\060\213\241\166\204\133\232\116\111}{section.21.1}% 302
\BOOKMARK [2][-]{subsection.21.1.2}{\376\377\123\072\225\364\117\060\213\241\166\204\116\000\202\054\153\145\232\244}{section.21.1}% 303
\BOOKMARK [1][-]{section.21.2}{\376\377\153\143\140\001\140\073\117\123\127\107\120\074\124\214\145\271\135\356\166\204\123\072\225\364\117\060\213\241}{chapter.21}% 304
\BOOKMARK [2][-]{subsection.21.2.1}{\376\377\123\125\116\052\153\143\140\001\140\073\117\123\123\302\145\160\166\204\177\156\117\341\123\072\225\364}{section.21.2}% 305
\BOOKMARK [2][-]{subsection.21.2.2}{\376\377\123\314\153\143\140\001\140\073\117\123\127\107\120\074\135\356\116\016\145\271\135\356\153\324\166\204\177\156\117\341\123\072\225\364}{section.21.2}% 306
\BOOKMARK [1][-]{section.21.3}{\376\377\123\125\117\247\177\156\117\341\123\072\225\364}{chapter.21}% 307
\BOOKMARK [1][-]{section.21.4}{\376\377\120\107\213\276\150\300\232\214}{chapter.21}% 308
\BOOKMARK [2][-]{subsection.21.4.1}{\376\377\120\107\213\276\150\300\232\214\166\204\127\372\147\054\140\035\140\363}{section.21.4}% 309
\BOOKMARK [2][-]{subsection.21.4.2}{\376\377\120\107\213\276\150\300\232\214\166\204\211\343\230\230\153\145\232\244}{section.21.4}% 310
\BOOKMARK [1][-]{section.21.5}{\376\377\123\125\116\052\153\143\140\001\140\073\117\123\166\204\120\107\213\276\150\300\232\214}{chapter.21}% 311
\BOOKMARK [2][-]{subsection.21.5.1}{\376\377\000.\000\040\135\362\167\345\377\014\121\163\116\216\000\040\000.\000\040\166\204\150\300\232\214\000\040\000\050\000.\000\040\150\300\232\214\000\051}{section.21.5}% 312
\BOOKMARK [1][-]{section.21.6}{\376\377\123\314\153\143\140\001\140\073\117\123\166\204\120\107\213\276\150\300\232\214}{chapter.21}% 313
\BOOKMARK [2][-]{subsection.21.6.1}{\376\377\123\314\153\143\140\001\140\073\117\123\127\107\120\074\166\204\150\300\232\214\000\040\000\050\000.\000\040\150\300\232\214\000\051}{section.21.6}% 314
\BOOKMARK [2][-]{subsection.21.6.2}{\376\377\123\314\153\143\140\001\140\073\117\123\145\271\135\356\166\204\120\107\213\276\150\300\232\214}{section.21.6}% 315
\BOOKMARK [0][-]{chapter.22}{\376\377\123\302\145\160\166\204\160\271\117\060\213\241\123\312\121\166\117\030\202\157\140\047}{part.3}% 316
\BOOKMARK [1][-]{section.22.1}{\376\377\167\351\117\060\213\241\154\325}{chapter.22}% 317
\BOOKMARK [1][-]{section.22.2}{\376\377\147\201\131\047\117\074\161\066\117\060\213\241}{chapter.22}% 318
\BOOKMARK [1][-]{section.22.3}{\376\377\117\060\213\241\221\317\117\030\202\157\140\047\166\204\122\044\133\232\150\007\121\306}{chapter.22}% 319
\BOOKMARK [2][-]{subsection.22.3.1}{\376\377\145\340\120\117\140\047}{section.22.3}% 320
\BOOKMARK [2][-]{subsection.22.3.2}{\376\377\147\011\145\110\140\047}{section.22.3}% 321
\BOOKMARK [2][-]{subsection.22.3.3}{\376\377\116\000\201\364\140\047}{section.22.3}% 322
\BOOKMARK [-1][-]{part.4}{\376\377\173\054\126\333\220\350\122\006\000\040\171\273\145\143\145\160\133\146}{}% 323
\BOOKMARK [0][-]{chapter.23}{\376\377\145\160\164\006\220\073\217\221}{part.4}% 324
\BOOKMARK [1][-]{section.23.1}{\376\377\124\175\230\230\220\073\217\221}{chapter.23}% 325
\BOOKMARK [2][-]{subsection.23.1.1}{\376\377\124\175\230\230\123\312\121\166\210\150\171\072\154\325}{section.23.1}% 326
\BOOKMARK [2][-]{subsection.23.1.2}{\376\377\200\124\176\323\213\315}{section.23.1}% 327
\BOOKMARK [2][-]{subsection.23.1.3}{\376\377\124\175\230\230\121\154\137\017\116\016\177\373\213\321}{section.23.1}% 328
\BOOKMARK [2][-]{subsection.23.1.4}{\376\377\167\037\120\074\210\150\116\016\173\111\116\367\121\154\137\017}{section.23.1}% 329
\BOOKMARK [2][-]{subsection.23.1.5}{\376\377\221\315\212\000\137\017\116\016\205\164\124\053\137\017}{section.23.1}% 330
\BOOKMARK [2][-]{subsection.23.1.6}{\376\377\121\166\116\326\200\124\176\323\213\315}{section.23.1}% 331
\BOOKMARK [2][-]{subsection.23.1.7}{\376\377\133\371\120\166\116\016\203\003\137\017}{section.23.1}% 332
\BOOKMARK [2][-]{subsection.23.1.8}{\376\377\143\250\164\006\164\006\213\272}{section.23.1}% 333
\BOOKMARK [1][-]{section.23.2}{\376\377\214\023\213\315\220\073\217\221}{chapter.23}% 334
\BOOKMARK [2][-]{subsection.23.2.1}{\376\377\214\023\213\315\166\204\151\202\137\365\116\016\210\150\217\276}{section.23.2}% 335
\BOOKMARK [2][-]{subsection.23.2.2}{\376\377\124\175\230\230\121\375\145\160\116\016\221\317\213\315}{section.23.2}% 336
\BOOKMARK [2][-]{subsection.23.2.3}{\376\377\214\023\213\315\121\154\137\017\116\016\177\373\213\321}{section.23.2}% 337
\BOOKMARK [2][-]{subsection.23.2.4}{\376\377\123\330\121\103\166\204\176\246\147\137}{section.23.2}% 338
\BOOKMARK [2][-]{subsection.23.2.5}{\376\377\214\023\213\315\157\024\173\227\166\204\173\111\116\367\137\017\116\016\205\164\124\053\137\017}{section.23.2}% 339
\BOOKMARK [2][-]{subsection.23.2.6}{\376\377\122\115\147\137\203\003\137\017}{section.23.2}% 340
\BOOKMARK [2][-]{subsection.23.2.7}{\376\377\214\023\213\315\157\024\173\227\166\204\143\250\164\006\164\006\213\272}{section.23.2}% 341
\BOOKMARK [0][-]{chapter.24}{\376\377\226\306\124\010\213\272}{part.4}% 342
\BOOKMARK [1][-]{section.24.1}{\376\377\226\306\124\010\116\016\121\163\174\373}{chapter.24}% 343
\BOOKMARK [2][-]{subsection.24.1.1}{\376\377\226\306\124\010\166\204\151\202\137\365\116\016\210\150\171\072\154\325}{section.24.1}% 344
\BOOKMARK [2][-]{subsection.24.1.2}{\376\377\226\306\124\010\166\204\217\320\173\227}{section.24.1}% 345
\BOOKMARK [2][-]{subsection.24.1.3}{\376\377\123\005\124\053\143\222\145\245\123\237\164\006}{section.24.1}% 346
\BOOKMARK [2][-]{subsection.24.1.4}{\376\377\136\217\120\166\116\016\173\033\123\141\134\024\171\357}{section.24.1}% 347
\BOOKMARK [2][-]{subsection.24.1.5}{\376\377\121\163\174\373\123\312\121\166\210\150\171\072}{section.24.1}% 348
\BOOKMARK [2][-]{subsection.24.1.6}{\376\377\121\163\174\373\166\204\140\047\215\050}{section.24.1}% 349
\BOOKMARK [2][-]{subsection.24.1.7}{\376\377\131\015\124\010\121\163\174\373\124\214\220\006\121\163\174\373}{section.24.1}% 350
\BOOKMARK [2][-]{subsection.24.1.8}{\376\377\121\163\174\373\166\204\225\355\123\005\217\320\173\227}{section.24.1}% 351
\BOOKMARK [2][-]{subsection.24.1.9}{\376\377\226\306\124\010\166\204\122\022\122\006\124\214\211\206\166\326}{section.24.1}% 352
\BOOKMARK [2][-]{subsection.24.1.10}{\376\377\173\111\116\367\121\163\174\373\116\016\173\111\116\367\174\173}{section.24.1}% 353
\BOOKMARK [2][-]{subsection.24.1.11}{\376\377\166\370\133\271\121\163\174\373}{section.24.1}% 354
\BOOKMARK [2][-]{subsection.24.1.12}{\376\377\136\217\121\163\174\373}{section.24.1}% 355
\BOOKMARK [1][-]{section.24.2}{\376\377\121\375\145\160}{chapter.24}% 356
\BOOKMARK [2][-]{subsection.24.2.1}{\376\377\121\375\145\160\166\204\151\202\137\365}{section.24.2}% 357
\BOOKMARK [2][-]{subsection.24.2.2}{\376\377\220\006\121\375\145\160\124\214\131\015\124\010\121\375\145\160}{section.24.2}% 358
\BOOKMARK [2][-]{subsection.24.2.3}{\376\377\162\171\137\201\121\375\145\160\116\016\152\041\174\312\133\120\226\306}{section.24.2}% 359
\BOOKMARK [2][-]{subsection.24.2.4}{\376\377\127\372\145\160\166\204\151\202\137\365}{section.24.2}% 360
\BOOKMARK [2][-]{subsection.24.2.5}{\376\377\123\357\145\160\226\306\116\016\116\015\123\357\145\160\226\306}{section.24.2}% 361
\BOOKMARK [2][-]{subsection.24.2.6}{\376\377\127\372\145\160\166\204\153\324\217\203}{section.24.2}% 362
\BOOKMARK [0][-]{chapter.25}{\376\377\116\343\145\160\174\373\176\337}{part.4}% 363
\BOOKMARK [1][-]{section.25.1}{\376\377\116\343\145\160\176\323\147\204}{chapter.25}% 364
\BOOKMARK [2][-]{subsection.25.1.1}{\376\377\116\343\145\160\174\373\176\337\166\204\137\025\121\145}{section.25.1}% 365
\BOOKMARK [2][-]{subsection.25.1.2}{\376\377\217\320\173\227\123\312\121\166\121\163\174\373}{section.25.1}% 366
\BOOKMARK [2][-]{subsection.25.1.3}{\376\377\123\112\177\244}{section.25.1}% 367
\BOOKMARK [2][-]{subsection.25.1.4}{\376\377\177\244\116\016\133\120\177\244}{section.25.1}% 368
\BOOKMARK [2][-]{subsection.25.1.5}{\376\377\226\077\215\035\134\024\177\244\124\214\137\252\163\257\177\244}{section.25.1}% 369
\BOOKMARK [2][-]{subsection.25.1.6}{\376\377\177\156\143\142\177\244\116\016\117\057\140\151\215\133\137\267\133\232\164\006}{section.25.1}% 370
\BOOKMARK [2][-]{subsection.25.1.7}{\376\377\226\152\226\306\116\016\142\311\150\074\147\027\145\345\133\232\164\006}{section.25.1}% 371
\BOOKMARK [2][-]{subsection.25.1.8}{\376\377\124\014\140\001\116\016\124\014\147\204}{section.25.1}% 372
\BOOKMARK [2][-]{subsection.25.1.9}{\376\377\163\257\116\016\127\337}{section.25.1}% 373
\BOOKMARK [1][-]{section.25.2}{\376\377\150\074\124\214\136\003\134\024\116\343\145\160}{chapter.25}% 374
\BOOKMARK [2][-]{subsection.25.2.1}{\376\377\150\074\166\204\151\202\137\365}{section.25.2}% 375
\BOOKMARK [2][-]{subsection.25.2.2}{\376\377\122\006\221\115\150\074}{section.25.2}% 376
\BOOKMARK [2][-]{subsection.25.2.3}{\376\377\147\011\210\145\150\074}{section.25.2}% 377
\BOOKMARK [2][-]{subsection.25.2.4}{\376\377\136\003\134\024\116\343\145\160}{section.25.2}% 378
\BOOKMARK [2][-]{subsection.25.2.5}{\376\377\136\003\134\024\210\150\217\276\137\017}{section.25.2}% 379
\BOOKMARK [0][-]{chapter.26}{\376\377\126\376\213\272}{part.4}% 380
\BOOKMARK [1][-]{section.26.1}{\376\377\126\376\213\272}{chapter.26}% 381
\BOOKMARK [2][-]{subsection.26.1.1}{\376\377\126\376\166\204\127\372\147\054\151\202\137\365}{section.26.1}% 382
\BOOKMARK [2][-]{subsection.26.1.2}{\376\377\215\357\116\016\126\336\215\357}{section.26.1}% 383
\BOOKMARK [2][-]{subsection.26.1.3}{\376\377\126\376\166\204\167\351\226\065\210\150\171\072}{section.26.1}% 384
\BOOKMARK [2][-]{subsection.26.1.4}{\376\377\153\047\142\311\126\376\116\016\154\111\133\306\134\024\230\177\126\376}{section.26.1}% 385
\BOOKMARK [2][-]{subsection.26.1.5}{\376\377\136\163\227\142\126\376}{section.26.1}% 386
\BOOKMARK [2][-]{subsection.26.1.6}{\376\377\133\371\120\166\126\376\116\016\167\100\202\162}{section.26.1}% 387
\BOOKMARK [2][-]{subsection.26.1.7}{\376\377\150\021\116\016\165\037\142\020\150\021}{section.26.1}% 388
\BOOKMARK [2][-]{subsection.26.1.8}{\376\377\150\071\150\021\123\312\121\166\136\224\165\050}{section.26.1}% 389
\BOOKMARK [0][-]{chapter.27}{\376\377\213\241\173\227\147\072\171\321\133\146\116\055\166\204\136\224\165\050}{part.4}% 390
\BOOKMARK [1][-]{section.27.1}{\376\377\137\142\137\017\213\355\212\000\116\016\201\352\122\250\147\072}{chapter.27}% 391
\BOOKMARK [2][-]{subsection.27.1.1}{\376\377\116\062\116\016\213\355\154\325}{section.27.1}% 392
\BOOKMARK [2][-]{subsection.27.1.2}{\376\377\137\142\137\017\145\207\154\325}{section.27.1}% 393
\BOOKMARK [2][-]{subsection.27.1.3}{\376\377\147\011\226\120\162\266\140\001\201\352\122\250\147\072}{section.27.1}% 394
\BOOKMARK [2][-]{subsection.27.1.4}{\376\377\116\044\174\173\201\352\122\250\147\072\166\204\217\154\143\142}{section.27.1}% 395
\BOOKMARK [2][-]{subsection.27.1.5}{\376\377\147\011\226\120\162\266\140\001\147\072\166\204\173\200\123\026}{section.27.1}% 396
\BOOKMARK [2][-]{subsection.27.1.6}{\376\377\147\011\226\120\162\266\140\001\147\072\116\016\153\143\122\031\213\355\212\000}{section.27.1}% 397
\BOOKMARK [1][-]{section.27.2}{\376\377\176\240\225\031\170\001\122\035\153\145}{chapter.27}% 398
\BOOKMARK [2][-]{subsection.27.2.1}{\376\377\220\032\213\257\152\041\127\213\124\214\176\240\225\031\166\204\127\372\147\054\151\202\137\365}{section.27.2}% 399
\BOOKMARK [2][-]{subsection.27.2.2}{\376\377\176\277\140\047\122\006\176\304\170\001\166\204\176\240\225\031\200\375\122\233}{section.27.2}% 400
\BOOKMARK [2][-]{subsection.27.2.3}{\376\377\155\167\146\016\170\001}{section.27.2}% 401
\BOOKMARK [2][-]{subsection.27.2.4}{\376\377\147\345\210\150\213\321\170\001\154\325}{section.27.2}% 402
\BOOKMARK [0][-]{appendix.A}{\376\377\171\357\122\006\210\150\143\250\133\374}{part.4}% 403
\BOOKMARK [0][-]{Item.1003}{\376\377\175\042\137\025}{part.4}% 404
\BOOKMARK [0][-]{appendix*.196}{\376\377\123\302\200\003\145\207\163\056}{part.4}% 405
